<?xml version="1.0" encoding="UTF-8"?>
<datasources
    xmlns:xsi='http://www.w3.org/2001/XMLSchema-instance'
    xmlns='http://www.ironjacamar.org/doc/schema'
    xsi:schemaLocation='http://www.ironjacamar.org/doc/schema http://www.ironjacamar.org/doc/schema/datasources_1_1.xsd'>
    <datasource jta="true" jndi-name="java:jboss/datasources/storeDS" pool-name="storePool" enabled="true" use-java-context="true">
        <connection-url>jdbc:h2:mem:storedb;DB_CLOSE_DELAY=-1;DB_CLOSE_ON_EXIT=FALSE</connection-url>
        <driver>h2</driver>
        <security>
            <user-name>sa</user-name>
            <password>sa</password>
        </security>
    </datasource>

</datasources>
